<?xml version="1.0" encoding="UTF-8"?>
<Site BuildName="Win32-mingw32-make"
	BuildStamp="20220531-1110-Experimental"
	Name="wp222-007"
	Generator="ctest-3.21.1"
	CompilerName="C:/Qt/Tools/mingw1120_64/bin/g++.exe"
	CompilerVersion="11.2.0"
	OSName="Windows"
	Hostname="wp222-007"
	OSRelease=" Professional"
	OSVersion=" (Build 22000)"
	OSPlatform="AMD64"
	Is64Bits="1"
	VendorString="GenuineIntel"
	VendorID="Intel Corporation"
	FamilyID="6"
	ModelID="5"
	ProcessorCacheSize="-1"
	NumberOfLogicalCPU="16"
	NumberOfPhysicalCPU="8"
	TotalVirtualMemory="37496"
	TotalPhysicalMemory="32632"
	LogicalProcessorsPerPhysical="2"
	ProcessorClockFrequency="3792"
	>
	<Testing>
		<StartDateTime>May 31 14:17 RTZ 2 (ceia)</StartDateTime>
		<StartTestTime>1653995855</StartTestTime>
		<TestList>
			<Test>./test/TestUtils</Test>
			<Test>./test/TestClock</Test>
		</TestList>
		<Test Status="failed">
			<Name>TestUtils</Name>
			<Path>./test</Path>
			<FullName>./test/TestUtils</FullName>
			<FullCommandLine>D:\Submicron\asnpu\firmware\correlator\bootloader111\lib\posix\build\test\testrun.exe</FullCommandLine>
			<Results>
				<NamedMeasurement type="text/string" name="Exit Code">
					<Value>SEGFAULT</Value>
				</NamedMeasurement>
				<NamedMeasurement type="text/string" name="Exit Value">
					<Value>3221225477</Value>
				</NamedMeasurement>
				<NamedMeasurement type="numeric/double" name="Execution Time">
					<Value>0.0096035</Value>
				</NamedMeasurement>
				<NamedMeasurement type="numeric/double" name="Processors">
					<Value>1</Value>
				</NamedMeasurement>
				<NamedMeasurement type="text/string" name="Completion Status">
					<Value>Completed</Value>
				</NamedMeasurement>
				<NamedMeasurement type="text/string" name="Command Line">
					<Value>D:\Submicron\asnpu\firmware\correlator\bootloader111\lib\posix\build\test\testrun.exe</Value>
				</NamedMeasurement>
				<NamedMeasurement type="text/string" name="Environment">
					<Value>#CTEST_RESOURCE_GROUP_COUNT=</Value>
				</NamedMeasurement>
				<Measurement>
					<Value></Value>
				</Measurement>
			</Results>
		</Test>
		<Test Status="failed">
			<Name>TestClock</Name>
			<Path>./test</Path>
			<FullName>./test/TestClock</FullName>
			<FullCommandLine>D:\Submicron\asnpu\firmware\correlator\bootloader111\lib\posix\build\test\testrun.exe</FullCommandLine>
			<Results>
				<NamedMeasurement type="text/string" name="Exit Code">
					<Value>SEGFAULT</Value>
				</NamedMeasurement>
				<NamedMeasurement type="text/string" name="Exit Value">
					<Value>3221225477</Value>
				</NamedMeasurement>
				<NamedMeasurement type="numeric/double" name="Execution Time">
					<Value>0.0126053</Value>
				</NamedMeasurement>
				<NamedMeasurement type="numeric/double" name="Processors">
					<Value>1</Value>
				</NamedMeasurement>
				<NamedMeasurement type="text/string" name="Completion Status">
					<Value>Completed</Value>
				</NamedMeasurement>
				<NamedMeasurement type="text/string" name="Command Line">
					<Value>D:\Submicron\asnpu\firmware\correlator\bootloader111\lib\posix\build\test\testrun.exe</Value>
				</NamedMeasurement>
				<NamedMeasurement type="text/string" name="Environment">
					<Value>#CTEST_RESOURCE_GROUP_COUNT=</Value>
				</NamedMeasurement>
				<Measurement>
					<Value></Value>
				</Measurement>
			</Results>
		</Test>
		<EndDateTime>May 31 14:17 RTZ 2 (ceia)</EndDateTime>
		<EndTestTime>1653995855</EndTestTime>
		<ElapsedMinutes>0</ElapsedMinutes>
	</Testing>
</Site>
