Start testing: Jun 03 19:37 RTZ 2 (ceia)
----------------------------------------------------------
1/2 Testing: TestClock
1/2 Test: TestClock
Command: "D:/Submicron/asnpu/firmware/correlator/bootloader111/lib/posix/build/test/testrun.exe"
Directory: D:/Submicron/asnpu/firmware/correlator/bootloader111/lib/posix/build/test
"TestClock" start time: Jun 03 19:37 RTZ 2 (ceia)
Output:
----------------------------------------------------------
Unity test run 1 of 1
................

-----------------------
16 Tests 0 Failures 0 Ignored 
OK
<end of output>
Test time =   0.02 sec
----------------------------------------------------------
Test Passed.
"TestClock" end time: Jun 03 19:37 RTZ 2 (ceia)
"TestClock" time elapsed: 00:00:00
----------------------------------------------------------

2/2 Testing: TestUtils
2/2 Test: TestUtils
Command: "D:/Submicron/asnpu/firmware/correlator/bootloader111/lib/posix/build/test/testrun.exe"
Directory: D:/Submicron/asnpu/firmware/correlator/bootloader111/lib/posix/build/test
"TestUtils" start time: Jun 03 19:37 RTZ 2 (ceia)
Output:
----------------------------------------------------------
Unity test run 1 of 1
................

-----------------------
16 Tests 0 Failures 0 Ignored 
OK
<end of output>
Test time =   0.00 sec
----------------------------------------------------------
Test Passed.
"TestUtils" end time: Jun 03 19:37 RTZ 2 (ceia)
"TestUtils" time elapsed: 00:00:00
----------------------------------------------------------

End testing: Jun 03 19:37 RTZ 2 (ceia)
