Start testing: May 31 14:17 RTZ 2 (ceia)
----------------------------------------------------------
2/2 Testing: TestUtils
2/2 Test: TestUtils
Command: "D:/Submicron/asnpu/firmware/correlator/bootloader111/lib/posix/build/test/testrun.exe"
Directory: D:/Submicron/asnpu/firmware/correlator/bootloader111/lib/posix/build/test
"TestUtils" start time: May 31 14:17 RTZ 2 (ceia)
Output:
----------------------------------------------------------
<end of output>
Test time =   0.01 sec
----------------------------------------------------------
Test Failed.
"TestUtils" end time: May 31 14:17 RTZ 2 (ceia)
"TestUtils" time elapsed: 00:00:00
----------------------------------------------------------

1/2 Testing: TestClock
1/2 Test: TestClock
Command: "D:/Submicron/asnpu/firmware/correlator/bootloader111/lib/posix/build/test/testrun.exe"
Directory: D:/Submicron/asnpu/firmware/correlator/bootloader111/lib/posix/build/test
"TestClock" start time: May 31 14:17 RTZ 2 (ceia)
Output:
----------------------------------------------------------
<end of output>
Test time =   0.01 sec
----------------------------------------------------------
Test Failed.
"TestClock" end time: May 31 14:17 RTZ 2 (ceia)
"TestClock" time elapsed: 00:00:00
----------------------------------------------------------

End testing: May 31 14:17 RTZ 2 (ceia)
